2022/09/11 23:43:32 INFO  - jmeter.util.JMeterUtils: Setting Locale to en_US 
2022/09/11 23:43:32 INFO  - jmeter.JMeter: Loading user properties from: D:\mindtickleIntvWS\azurewebsiteperformaceUpdated\target\jmeter\bin\user.properties 
2022/09/11 23:43:32 INFO  - jmeter.JMeter: Loading system properties from: D:\mindtickleIntvWS\azurewebsiteperformaceUpdated\target\jmeter\bin\system.properties 
2022/09/11 23:43:32 INFO  - jmeter.JMeter: Copyright (c) 1998-2016 The Apache Software Foundation 
2022/09/11 23:43:32 INFO  - jmeter.JMeter: Version 3.0 r1743807 
2022/09/11 23:43:32 INFO  - jmeter.JMeter: java.version=1.8.0_331 
2022/09/11 23:43:32 INFO  - jmeter.JMeter: java.vm.name=Java HotSpot(TM) Client VM 
2022/09/11 23:43:32 INFO  - jmeter.JMeter: os.name=Windows 10 
2022/09/11 23:43:32 INFO  - jmeter.JMeter: os.arch=x86 
2022/09/11 23:43:32 INFO  - jmeter.JMeter: os.version=10.0 
2022/09/11 23:43:32 INFO  - jmeter.JMeter: file.encoding=Cp1252 
2022/09/11 23:43:32 INFO  - jmeter.JMeter: Max memory     =259522560 
2022/09/11 23:43:32 INFO  - jmeter.JMeter: Available Processors =4 
2022/09/11 23:43:32 INFO  - jmeter.JMeter: Default Locale=English (United States) 
2022/09/11 23:43:32 INFO  - jmeter.JMeter: JMeter  Locale=English (United States) 
2022/09/11 23:43:32 INFO  - jmeter.JMeter: JMeterHome=D:\mindtickleIntvWS\azurewebsiteperformaceUpdated\target\jmeter 
2022/09/11 23:43:32 INFO  - jmeter.JMeter: user.dir  =D:\mindtickleIntvWS\azurewebsiteperformaceUpdated 
2022/09/11 23:43:32 INFO  - jmeter.JMeter: PWD       =D:\mindtickleIntvWS\azurewebsiteperformaceUpdated 
2022/09/11 23:43:32 INFO  - jmeter.JMeter: IP: 192.168.1.41 Name: DESKTOP-EUDIV0F FullName: 192.168.1.41 
2022/09/11 23:43:32 INFO  - jmeter.JMeter: Setting property 'jmeter.reportgenerator.outputdir' to:'D:\mindtickleIntvWS\azurewebsiteperformaceUpdated\target\jmeter\results\dashboard' 
2022/09/11 23:43:32 INFO  - jmeter.report.dashboard.ReportGenerator: ReportGenerator will use for Parsing the separator:',' 
2022/09/11 23:43:32 INFO  - jmeter.report.dashboard.ReportGenerator: Will only generate report from results file:D:\mindtickleIntvWS\azurewebsiteperformaceUpdated\target\jmeter\results\httpRequest_GetAuthors_spr1.jtl 
2022/09/11 23:43:32 INFO  - jmeter.report.dashboard.ReportGenerator: Reading report generator properties from:D:\mindtickleIntvWS\azurewebsiteperformaceUpdated\target\jmeter\bin\reportgenerator.properties 
2022/09/11 23:43:32 INFO  - jmeter.report.dashboard.ReportGenerator: Merging with JMeter properties 
2022/09/11 23:43:32 INFO  - jmeter.report.config.ReportGeneratorConfiguration: Property "jmeter.reportgenerator.temp_dir" not found, using default value "temp" instead. 
2022/09/11 23:43:32 INFO  - jmeter.report.config.ReportGeneratorConfiguration: Property "jmeter.reportgenerator.apdex_satisfied_threshold" not found, using default value "500" instead. 
2022/09/11 23:43:32 INFO  - jmeter.report.config.ReportGeneratorConfiguration: Property "jmeter.reportgenerator.apdex_tolerated_threshold" not found, using default value "1500" instead. 
2022/09/11 23:43:32 INFO  - jmeter.report.config.ReportGeneratorConfiguration: Property "jmeter.reportgenerator.sample_filter" not found, using default value "null" instead. 
2022/09/11 23:43:32 INFO  - jmeter.report.config.ReportGeneratorConfiguration: Property "jmeter.reportgenerator.report_title" not found, using default value "null" instead. 
2022/09/11 23:43:32 INFO  - jmeter.report.config.ReportGeneratorConfiguration: Property "jmeter.reportgenerator.graph.responseTimePercentiles.exclude_controllers" not found, using default value "false" instead. 
2022/09/11 23:43:32 INFO  - jmeter.report.config.ReportGeneratorConfiguration: Property "jmeter.reportgenerator.graph.responseTimesOverTime.exclude_controllers" not found, using default value "false" instead. 
2022/09/11 23:43:32 INFO  - jmeter.report.config.ReportGeneratorConfiguration: Property "jmeter.reportgenerator.graph.bytesThroughputOverTime.exclude_controllers" not found, using default value "false" instead. 
2022/09/11 23:43:32 INFO  - jmeter.report.config.ReportGeneratorConfiguration: Property "jmeter.reportgenerator.graph.activeThreadsOverTime.exclude_controllers" not found, using default value "false" instead. 
2022/09/11 23:43:32 INFO  - jmeter.report.config.ReportGeneratorConfiguration: Property "jmeter.reportgenerator.graph.timeVsThreads.exclude_controllers" not found, using default value "false" instead. 
2022/09/11 23:43:32 INFO  - jmeter.report.config.ReportGeneratorConfiguration: Property "jmeter.reportgenerator.graph.responseTimeDistribution.exclude_controllers" not found, using default value "false" instead. 
2022/09/11 23:43:32 INFO  - jmeter.report.config.ReportGeneratorConfiguration: Property "jmeter.reportgenerator.graph.latenciesOverTime.exclude_controllers" not found, using default value "false" instead. 
2022/09/11 23:43:32 INFO  - jmeter.report.config.ReportGeneratorConfiguration: Property "jmeter.reportgenerator.graph.transactionsPerSecond.exclude_controllers" not found, using default value "false" instead. 
2022/09/11 23:43:32 INFO  - jmeter.report.config.ReportGeneratorConfiguration: Property "jmeter.reportgenerator.exporter.html.filters_only_sample_series" not found, using default value "true" instead. 
2022/09/11 23:43:32 INFO  - jmeter.report.config.ReportGeneratorConfiguration: Property "jmeter.reportgenerator.exporter.html.series_filter" not found, using default value "" instead. 
2022/09/11 23:43:32 INFO  - jmeter.report.config.ReportGeneratorConfiguration: Property "jmeter.reportgenerator.exporter.html.show_controllers_only" not found, using default value "false" instead. 
2022/09/11 23:43:32 INFO  - jmeter.report.processor.NormalizerSampleConsumer: Using format:ms to parse timeStamp field 
2022/09/11 23:43:32 INFO  - org.apache.jmeter.report.processor.AbstractSampleConsumer: class org.apache.jmeter.report.processor.AggregateConsumer#stopProducing(): beginDate produced 0 samples 
2022/09/11 23:43:32 INFO  - org.apache.jmeter.report.processor.AbstractSampleConsumer: class org.apache.jmeter.report.processor.AggregateConsumer#stopProducing(): endDate produced 0 samples 
2022/09/11 23:43:32 INFO  - org.apache.jmeter.report.processor.AbstractSampleConsumer: class org.apache.jmeter.report.processor.ApdexSummaryConsumer#stopProducing(): apdexSummary produced 0 samples 
2022/09/11 23:43:32 INFO  - org.apache.jmeter.report.processor.AbstractSampleConsumer: class org.apache.jmeter.report.processor.RequestsSummaryConsumer#stopProducing(): requestsSummary produced 0 samples 
2022/09/11 23:43:32 INFO  - org.apache.jmeter.report.processor.AbstractSampleConsumer: class org.apache.jmeter.report.processor.StatisticsSummaryConsumer#stopProducing(): statisticsSummary produced 0 samples 
2022/09/11 23:43:32 INFO  - org.apache.jmeter.report.processor.AbstractSampleConsumer: class org.apache.jmeter.report.processor.ErrorsSummaryConsumer#stopProducing(): errorsSummary produced 0 samples 
2022/09/11 23:43:32 INFO  - org.apache.jmeter.report.processor.AbstractSampleConsumer: class org.apache.jmeter.report.processor.graph.impl.LatencyVSRequestGraphConsumer#stopProducing(): latencyVsRequest produced 0 samples 
2022/09/11 23:43:32 INFO  - org.apache.jmeter.report.processor.AbstractSampleConsumer: class org.apache.jmeter.report.processor.graph.impl.HitsPerSecondGraphConsumer#stopProducing(): hitsPerSecond produced 0 samples 
2022/09/11 23:43:32 INFO  - org.apache.jmeter.report.processor.AbstractSampleConsumer: class org.apache.jmeter.report.processor.graph.impl.CodesPerSecondGraphConsumer#stopProducing(): codesPerSecond produced 0 samples 
2022/09/11 23:43:32 INFO  - org.apache.jmeter.report.processor.AbstractSampleConsumer: class org.apache.jmeter.report.processor.graph.impl.ResponseTimeVSRequestGraphConsumer#stopProducing(): responseTimeVsRequest produced 0 samples 
2022/09/11 23:43:32 INFO  - org.apache.jmeter.report.processor.AbstractSampleConsumer: class org.apache.jmeter.report.processor.FilterConsumer#stopProducing(): startIntervalControlerFilter produced 55 samples 
2022/09/11 23:43:32 INFO  - org.apache.jmeter.report.processor.AbstractSampleConsumer: class org.apache.jmeter.report.processor.graph.impl.ResponseTimePercentilesGraphConsumer#stopProducing(): responseTimePercentiles produced 0 samples 
2022/09/11 23:43:32 INFO  - org.apache.jmeter.report.processor.AbstractSampleConsumer: class org.apache.jmeter.report.processor.graph.impl.ResponseTimeOverTimeGraphConsumer#stopProducing(): responseTimesOverTime produced 0 samples 
2022/09/11 23:43:32 INFO  - org.apache.jmeter.report.processor.AbstractSampleConsumer: class org.apache.jmeter.report.processor.graph.impl.BytesThroughputGraphConsumer#stopProducing(): bytesThroughputOverTime produced 0 samples 
2022/09/11 23:43:32 INFO  - org.apache.jmeter.report.processor.AbstractSampleConsumer: class org.apache.jmeter.report.processor.graph.impl.ActiveThreadsGraphConsumer#stopProducing(): activeThreadsOverTime produced 0 samples 
2022/09/11 23:43:32 INFO  - org.apache.jmeter.report.processor.AbstractSampleConsumer: class org.apache.jmeter.report.processor.graph.impl.TimeVSThreadGraphConsumer#stopProducing(): timeVsThreads produced 0 samples 
2022/09/11 23:43:32 INFO  - org.apache.jmeter.report.processor.AbstractSampleConsumer: class org.apache.jmeter.report.processor.graph.impl.ResponseTimeDistributionGraphConsumer#stopProducing(): responseTimeDistribution produced 0 samples 
2022/09/11 23:43:32 INFO  - org.apache.jmeter.report.processor.AbstractSampleConsumer: class org.apache.jmeter.report.processor.graph.impl.LatencyOverTimeGraphConsumer#stopProducing(): latenciesOverTime produced 0 samples 
2022/09/11 23:43:32 INFO  - org.apache.jmeter.report.processor.AbstractSampleConsumer: class org.apache.jmeter.report.processor.graph.impl.TransactionsPerSecondGraphConsumer#stopProducing(): transactionsPerSecond produced 0 samples 
2022/09/11 23:43:32 INFO  - org.apache.jmeter.report.processor.AbstractSampleConsumer: class org.apache.jmeter.report.processor.FilterConsumer#stopProducing(): nameFilter produced 132 samples 
2022/09/11 23:43:32 INFO  - org.apache.jmeter.report.processor.AbstractSampleConsumer: class org.apache.jmeter.report.processor.NormalizerSampleConsumer#stopProducing(): normalizer produced 33 samples 
2022/09/11 23:43:32 INFO  - org.apache.jmeter.report.processor.CsvFileSampleSource: produce(): 11 samples produced in 427ms on channel 0 
2022/09/11 23:43:32 INFO  - jmeter.report.dashboard.ReportGenerator: Exporting data using exporter:'html' of className:'org.apache.jmeter.report.dashboard.HtmlTemplateExporter' 
2022/09/11 23:43:32 INFO  - jmeter.report.dashboard.HtmlTemplateExporter: Will generate dashboard in folder:D:\mindtickleIntvWS\azurewebsiteperformaceUpdated\target\jmeter\results\dashboard 
2022/09/11 23:43:32 INFO  - jmeter.report.dashboard.HtmlTemplateExporter: Report will be generated in:D:\mindtickleIntvWS\azurewebsiteperformaceUpdated\target\jmeter\results\dashboard, creating folder structure 
